<story path="stories/consult_dictionary/BlibliLogin.story" title="">
<narrative keyword="Narrative:">
  <inOrderTo keyword="In order to">be able to buy in blibli</inOrderTo>
  <asA keyword="As a">customer</asA>
  <iWantTo keyword="I want to">be able to login</iWantTo>
</narrative>
<scenario keyword="Scenario:" title="Go to blibli site and login">
<step outcome="successful">Given open home page</step>
<step outcome="successful">When I login to Blibli</step>
<step outcome="successful">Then I can see muy name in the site</step>
</scenario>
<scenario keyword="Scenario:" title="Search">
<step outcome="successful">Given search items</step>
<step outcome="successful">When I found my items</step>
<step outcome="successful">Then I add to cart</step>
</scenario>
<scenario keyword="Scenario:" title="Add to payment">
<step outcome="successful">Given next to checkout</step>
<step outcome="failed" keyword="FAILED">When I choose and fill payment option<failure>net.serenitybdd.core.exceptions.SerenityManagedException: Timed out after 2 seconds. Element not found
For documentation on this error, please visit: http://seleniumhq.org/exceptions/no_such_element.html
Build info: version: &apos;2.53.1&apos;, revision: &apos;a36b8b1cd5757287168e54b817830adce9b0158d&apos;, time: &apos;2016-06-30 19:26:09&apos;
System info: host: &apos;pfnet_pc&apos;, ip: &apos;192.168.56.1&apos;, os.name: &apos;Windows 8.1&apos;, os.arch: &apos;amd64&apos;, os.version: &apos;6.3&apos;, java.version: &apos;1.8.0_102&apos;
Driver info: driver.version: unknown</failure></step>
<step outcome="notPerformed" keyword="NOT PERFORMED">Then I submit my orders</step>
<failure>net.serenitybdd.core.exceptions.SerenityManagedException: Timed out after 2 seconds. Element not found
For documentation on this error, please visit: http://seleniumhq.org/exceptions/no_such_element.html
Build info: version: &apos;2.53.1&apos;, revision: &apos;a36b8b1cd5757287168e54b817830adce9b0158d&apos;, time: &apos;2016-06-30 19:26:09&apos;
System info: host: &apos;pfnet_pc&apos;, ip: &apos;192.168.56.1&apos;, os.name: &apos;Windows 8.1&apos;, os.arch: &apos;amd64&apos;, os.version: &apos;6.3&apos;, java.version: &apos;1.8.0_102&apos;
Driver info: driver.version: unknown
	at net.serenitybdd.core.exceptions.SerenityManagedException.detachedCopyOf(SerenityManagedException.java:20)
	at net.thucydides.core.steps.StepInterceptor.runTestStep(StepInterceptor.java:317)
	at net.thucydides.core.steps.StepInterceptor.testStepResult(StepInterceptor.java:130)
	at net.thucydides.core.steps.StepInterceptor.intercept(StepInterceptor.java:57)
	at com.blibli.behaviour.BlibliHomePageBehaviour$$EnhancerByCGLIB$$afd9f87d.chooseAndFillPayment(&lt;generated&gt;)
	at com.blibli.steps.DefinitionSteps.whenChooseAndFillPayment(DefinitionSteps.java:73)
	(reflection-invoke)
	at org.jbehave.core.steps.StepCreator$ParametrisedStep.perform(StepCreator.java:595)
	at org.jbehave.core.embedder.StoryRunner$FineSoFar.run(StoryRunner.java:566)
...</failure>
</scenario>
</story>
