<div class="story">
<h1></h1>
<div class="path">stories/consult_dictionary/BlibliLogin.story</div>
<div class="narrative"><h2>Narrative:</h2>
<div class="element inOrderTo"><span class="keyword inOrderTo">In order to</span> be able to buy in blibli</div>
<div class="element asA"><span class="keyword asA">As a</span> customer</div>
<div class="element iWantTo"><span class="keyword iWantTo">I want to</span> be able to login</div>
</div>
<div class="scenario">
<h2>Scenario: Go to blibli site and login</h2>
<div class="step successful">Given open home page</div>
<div class="step successful">When I login to Blibli</div>
<div class="step successful">Then I can see muy name in the site</div>
</div>
<div class="scenario">
<h2>Scenario: Search</h2>
<div class="step successful">Given search items</div>
<div class="step successful">When I found my items</div>
<div class="step successful">Then I add to cart</div>
</div>
<div class="scenario">
<h2>Scenario: Add to payment</h2>
<div class="step successful">Given next to checkout</div>
<div class="step failed">When I choose and fill payment option <span class="keyword failed">(FAILED)</span><br/><span class="message failed">net.serenitybdd.core.exceptions.SerenityManagedException: Timed out after 2 seconds. Element not found
For documentation on this error, please visit: http://seleniumhq.org/exceptions/no_such_element.html
Build info: version: '2.53.1', revision: 'a36b8b1cd5757287168e54b817830adce9b0158d', time: '2016-06-30 19:26:09'
System info: host: 'pfnet_pc', ip: '192.168.56.1', os.name: 'Windows 8.1', os.arch: 'amd64', os.version: '6.3', java.version: '1.8.0_102'
Driver info: driver.version: unknown</span></div>
<div class="step notPerformed">Then I submit my orders <span class="keyword notPerformed">(NOT PERFORMED)</span></div>
<pre class="failure">net.serenitybdd.core.exceptions.SerenityManagedException: Timed out after 2 seconds. Element not found
For documentation on this error, please visit: http://seleniumhq.org/exceptions/no_such_element.html
Build info: version: '2.53.1', revision: 'a36b8b1cd5757287168e54b817830adce9b0158d', time: '2016-06-30 19:26:09'
System info: host: 'pfnet_pc', ip: '192.168.56.1', os.name: 'Windows 8.1', os.arch: 'amd64', os.version: '6.3', java.version: '1.8.0_102'
Driver info: driver.version: unknown
	at net.serenitybdd.core.exceptions.SerenityManagedException.detachedCopyOf(SerenityManagedException.java:20)
	at net.thucydides.core.steps.StepInterceptor.runTestStep(StepInterceptor.java:317)
	at net.thucydides.core.steps.StepInterceptor.testStepResult(StepInterceptor.java:130)
	at net.thucydides.core.steps.StepInterceptor.intercept(StepInterceptor.java:57)
	at com.blibli.behaviour.BlibliHomePageBehaviour$$EnhancerByCGLIB$$afd9f87d.chooseAndFillPayment(&lt;generated&gt;)
	at com.blibli.steps.DefinitionSteps.whenChooseAndFillPayment(DefinitionSteps.java:73)
	(reflection-invoke)
	at org.jbehave.core.steps.StepCreator$ParametrisedStep.perform(StepCreator.java:595)
	at org.jbehave.core.embedder.StoryRunner$FineSoFar.run(StoryRunner.java:566)
...</pre>
</div>
</div>
