<acceptance-test-run title="Add to payment" name="Add to payment" steps="3" successful="1" failures="0" errors="1" skipped="1" ignored="0" pending="0" annotated-result="ERROR" result="ERROR" duration="32178" timestamp="2017-08-14T18:22:43.464+07:00" session-id="85816e91-a914-427c-974e-1516923d2a8a">
  <user-story id="BlibliLogin" name="Blibli login" path="stories/consult_dictionary/BlibliLogin.story"/>
  <tags>
    <tag name="Consult dictionary" type="feature"/>
    <tag name="Consult dictionary/Blibli login" type="story"/>
  </tags>
  <test-group name="Given next to checkout" result="SUCCESS">
    <screenshots>
      <screenshot image="4e8abb35845e5f028eb4b49ff13844c5.png"/>
      <screenshot image="8a2dc8d7560853ab83c188b487d85f7d.png"/>
    </screenshots>
    <test-step result="SUCCESS" duration="27462">
      <screenshots>
        <screenshot image="4e8abb35845e5f028eb4b49ff13844c5.png"/>
        <screenshot image="8a2dc8d7560853ab83c188b487d85f7d.png"/>
      </screenshots>
      <description>Click to checkout</description>
    </test-step>
  </test-group>
  <test-group name="When I choose and fill payment option" result="ERROR">
    <screenshots>
      <screenshot image="8a2dc8d7560853ab83c188b487d85f7d.png"/>
    </screenshots>
    <test-step result="ERROR" duration="4276">
      <screenshots>
        <screenshot image="8a2dc8d7560853ab83c188b487d85f7d.png" source="pagesource7323879640184618018.html.txt"/>
      </screenshots>
      <description>Choose and fill payment</description>
      <error>org.openqa.selenium.NoSuchElementException: Timed out after 2 seconds. Element not found
For documentation on this error, please visit: http://seleniumhq.org/exceptions/no_such_element.html
Build info: version: &apos;2.53.1&apos;, revision: &apos;a36b8b1cd5757287168e54b817830adce9b0158d&apos;, time: &apos;2016-06-30 19:26:09&apos;
System info: host: &apos;pfnet_pc&apos;, ip: &apos;192.168.56.1&apos;, os.name: &apos;Windows 8.1&apos;, os.arch: &apos;amd64&apos;, os.version: &apos;6.3&apos;, java.version: &apos;1.8.0_102&apos;
Driver info: driver.version: unknown</error>
      <exception>org.openqa.selenium.NoSuchElementException:Timed out after 2 seconds. Element not found
For documentation on this error, please visit: http://seleniumhq.org/exceptions/no_such_element.html
Build info: version: &apos;2.53.1&apos;, revision: &apos;a36b8b1cd5757287168e54b817830adce9b0158d&apos;, time: &apos;2016-06-30 19:26:09&apos;
System info: host: &apos;pfnet_pc&apos;, ip: &apos;192.168.56.1&apos;, os.name: &apos;Windows 8.1&apos;, os.arch: &apos;amd64&apos;, os.version: &apos;6.3&apos;, java.version: &apos;1.8.0_102&apos;
Driver info: driver.version: unknown&#xd;
[com.blibli.behaviour.BlibliHomePageBehaviour.chooseAndFillPayment(BlibliHomePageBehaviour.java:64), com.blibli.steps.DefinitionSteps.whenChooseAndFillPayment(DefinitionSteps.java:73)]</exception>
    </test-step>
  </test-group>
  <test-step result="SKIPPED" duration="7">
    <description>Then I submit my orders</description>
  </test-step>
</acceptance-test-run>